c:\users\flyinglimao\source\repos\ftpsync\file-watcher\debug\moc_some.obj
c:\users\flyinglimao\source\repos\ftpsync\file-watcher\debug\main.obj
c:\users\flyinglimao\source\repos\ftpsync\file-watcher\debug\listener.obj
c:\users\flyinglimao\source\repos\ftpsync\file-watcher\debug\moc_watcher.obj
c:\users\flyinglimao\source\repos\ftpsync\file-watcher\debug\watcher.obj
c:\users\flyinglimao\source\repos\ftpsync\file-watcher\debug\vc141.pdb
c:\users\flyinglimao\source\repos\ftpsync\file-watcher\generatedfiles\debug\main.moc
c:\users\flyinglimao\source\repos\ftpsync\file-watcher\generatedfiles\debug\moc_some.cpp
c:\users\flyinglimao\source\repos\ftpsync\file-watcher\generatedfiles\debug\moc_watcher.cpp
c:\users\flyinglimao\source\repos\ftpsync\win32\debug\file-watcher.exe
c:\users\flyinglimao\source\repos\ftpsync\win32\debug\file-watcher.ilk
c:\users\flyinglimao\source\repos\ftpsync\win32\debug\file-watcher.pdb
c:\users\flyinglimao\source\repos\ftpsync\file-watcher\.\generatedfiles\debug\moc_watcher.cpp
c:\users\flyinglimao\source\repos\ftpsync\file-watcher\debug\file-watcher.tlog\cl.command.1.tlog
c:\users\flyinglimao\source\repos\ftpsync\file-watcher\debug\file-watcher.tlog\cl.read.1.tlog
c:\users\flyinglimao\source\repos\ftpsync\file-watcher\debug\file-watcher.tlog\cl.write.1.tlog
c:\users\flyinglimao\source\repos\ftpsync\file-watcher\debug\file-watcher.tlog\file-watcher.write.1u.tlog
c:\users\flyinglimao\source\repos\ftpsync\file-watcher\debug\file-watcher.tlog\link.command.1.tlog
c:\users\flyinglimao\source\repos\ftpsync\file-watcher\debug\file-watcher.tlog\link.read.1.tlog
c:\users\flyinglimao\source\repos\ftpsync\file-watcher\debug\file-watcher.tlog\link.write.1.tlog
c:\users\flyinglimao\source\repos\ftpsync\file-watcher\debug\file-watcher.tlog\moc.read.1u.tlog
c:\users\flyinglimao\source\repos\ftpsync\file-watcher\debug\file-watcher.tlog\moc.write.1u.tlog
